<?xml version="1.0" encoding="UTF-8" ?>
<testsuite tests="5" failures="0" name="game.bowling.BowlingGameTest" time="0.009" errors="0" skipped="0">
  <properties>
[...]
</properties>
  <testcase classname="game.bowling.BowlingGameTest" name="testOneStrike" time="0.008"/>
  <testcase classname="game.bowling.BowlingGameTest" name="testGutterGame" time="0"/>
  <testcase classname="game.bowling.BowlingGameTest" name="testOneSpare" time="0"/>
  <testcase classname="game.bowling.BowlingGameTest" name="testPerfectGame" time="0"/>
  <testcase classname="game.bowling.BowlingGameTest" name="testAllOnes" time="0.001"/>
</testsuite>